********************************************************************************
DUPLICATOR-LITE PACKAGE-LOG: 2017-03-20 03:05:12
NOTICE: Do NOT post to public sites or forums 
********************************************************************************
VERSION:	1.1.34
WORDPRESS:	4.7
PHP INFO:	7.1.0 | SAPI: apache2handler
SERVER:		Apache/2.2.31 (Unix) mod_wsgi/3.5 Python/2.7.12 PHP/7.1.0 mod_ssl/2.2.31 OpenSSL/1.0.2j DAV/2 mod_fastcgi/2.4.6 mod_perl/2.0.9 Perl/v5.24.0 
PHP TIME LIMIT: (0) no time limit imposed 
PHP MAX MEMORY: 2048M (128M default) 
MEMORY STACK: 28MB 

********************************************************************************
DATABASE:
********************************************************************************
BUILD MODE:   PHP(query limit - 100)
MYSQLTIMEOUT: 5000
MYSQLDUMP:    Not Supported 
TABLES: total:19 | filtered:0 | create:19 
FILTERED: [] 
SQL CREATED: 20170320_millennialeats_58cf46d75ca733146170320030455_database.sql 
SQL FILE SIZE: 2.21MB (2314839) 
SQL FILE TIME: 2017-03-20 03:05:12 
SQL RUNTIME: 0.21 sec. 

******************************************************************************** 
ARCHIVE (ZIP): 
******************************************************************************** 
ARCHIVE DIR:  /Users/michellewang/Documents/blog 
ARCHIVE FILE: 20170320_millennialeats_58cf46d75ca733146170320030455_archive.zip 
FILTERS: *OFF* 
DIRS: not set 
EXTS:  not set 
---------------------------------------- 
COMPRESSING 
SIZE:	218.1MB 
STATS:	Dirs 1,350 | Files 9,563 
SQL ADDED: 20170320_millennialeats_58cf46d75ca733146170320030455_database.sql 
ZipArchive Object
(
    [status] => 0
    [statusSys] => 0
    [numFiles] => 10913
    [filename] => /Users/michellewang/Documents/blog/wp-snapshots/tmp/20170320_millennialeats_58cf46d75ca733146170320030455_archive.zip
    [comment] => 
)
 
COMPRESSION RESULT: '1' 
COMPRESSED SIZE: 144.72MB 
ARCHIVE RUNTIME: 49.47 sec. 
MEMORY STACK: 30MB 

******************************************************************************** 
MAKE INSTALLER: 
******************************************************************************** 
Build Start 
Build Finished 
Preping for use 
Template parsed with new data 
Complete [/Users/michellewang/Documents/blog/wp-snapshots/tmp/20170320_millennialeats_58cf46d75ca733146170320030455_installer.php] 
Added to archive 

******************************************************************************** 
INTEGRITY CHECKS: 
******************************************************************************** 
SQL File: 2.21MB 
Installer File: 394.71KB 
Archive File: 144.72MB  

********************************************************************************
RECORD ID:[1]
TOTAL PROCESS RUNTIME: 54.68 sec.
PEAK PHP MEMORY USED: 32MB
DONE PROCESSING => 20170320_millennialeats 2017-03-20 03:06:07
 
